2023-07-13 11:19:43,134 [INFO] com.eshoppingzone.SpringProfileProductApplication [restartedMain] Starting SpringProfileProductApplication using Java 17.0.7 with PID 2684 (C:\Users\DELL\Downloads\Shopping-Cart-main\Shopping-Cart-main\backend\spring-profile-product\target\classes started by DELL in C:\Users\DELL\Downloads\Shopping-Cart-main\Shopping-Cart-main\backend\spring-profile-product)
2023-07-13 11:19:43,141 [DEBUG] com.eshoppingzone.SpringProfileProductApplication [restartedMain] Running with Spring Boot v3.1.0, Spring v6.0.9
2023-07-13 11:19:43,143 [INFO] com.eshoppingzone.SpringProfileProductApplication [restartedMain] No active profile set, falling back to 1 default profile: "default"
2023-07-13 11:19:43,235 [INFO] org.springframework.boot.devtools.env.DevToolsPropertyDefaultsPostProcessor [restartedMain] Devtools property defaults active! Set 'spring.devtools.add-properties' to 'false' to disable
2023-07-13 11:19:43,235 [INFO] org.springframework.boot.devtools.env.DevToolsPropertyDefaultsPostProcessor [restartedMain] For additional web related logging consider setting the 'logging.level.web' property to 'DEBUG'
2023-07-13 11:19:44,392 [INFO] org.springframework.data.repository.config.RepositoryConfigurationDelegate [restartedMain] Bootstrapping Spring Data MongoDB repositories in DEFAULT mode.
2023-07-13 11:19:44,580 [INFO] org.springframework.data.repository.config.RepositoryConfigurationDelegate [restartedMain] Finished Spring Data repository scanning in 181 ms. Found 1 MongoDB repository interfaces.
2023-07-13 11:19:44,894 [INFO] org.springframework.cloud.context.scope.GenericScope [restartedMain] BeanFactory id=fada160c-6d27-3129-b232-8a7f8319b8e8
2023-07-13 11:19:45,759 [INFO] org.springframework.boot.web.embedded.tomcat.TomcatWebServer [restartedMain] Tomcat initialized with port(s): 8082 (http)
2023-07-13 11:19:45,773 [INFO] org.apache.catalina.core.StandardService [restartedMain] Starting service [Tomcat]
2023-07-13 11:19:45,775 [INFO] org.apache.catalina.core.StandardEngine [restartedMain] Starting Servlet engine: [Apache Tomcat/10.1.8]
2023-07-13 11:19:45,947 [INFO] org.apache.catalina.core.ContainerBase.[Tomcat].[localhost].[/] [restartedMain] Initializing Spring embedded WebApplicationContext
2023-07-13 11:19:45,948 [INFO] org.springframework.boot.web.servlet.context.ServletWebServerApplicationContext [restartedMain] Root WebApplicationContext: initialization completed in 2712 ms
2023-07-13 11:19:46,254 [INFO] org.mongodb.driver.client [restartedMain] MongoClient with metadata {"driver": {"name": "mongo-java-driver|sync|spring-boot", "version": "4.9.1"}, "os": {"type": "Windows", "name": "Windows 11", "architecture": "amd64", "version": "10.0"}, "platform": "Java/Eclipse Adoptium/17.0.7+7"} created with settings MongoClientSettings{readPreference=primary, writeConcern=WriteConcern{w=null, wTimeout=null ms, journal=null}, retryWrites=true, retryReads=true, readConcern=ReadConcern{level=null}, credential=null, streamFactoryFactory=null, commandListeners=[], codecRegistry=ProvidersCodecRegistry{codecProviders=[ValueCodecProvider{}, BsonValueCodecProvider{}, DBRefCodecProvider{}, DBObjectCodecProvider{}, DocumentCodecProvider{}, CollectionCodecProvider{}, IterableCodecProvider{}, MapCodecProvider{}, GeoJsonCodecProvider{}, GridFSFileCodecProvider{}, Jsr310CodecProvider{}, JsonObjectCodecProvider{}, BsonCodecProvider{}, EnumCodecProvider{}, com.mongodb.client.model.mql.ExpressionCodecProvider@50d4358, com.mongodb.Jep395RecordCodecProvider@31451e59]}, loggerSettings=LoggerSettings{maxDocumentLength=1000}, clusterSettings={hosts=[localhost:27017], srvServiceName=mongodb, mode=SINGLE, requiredClusterType=UNKNOWN, requiredReplicaSetName='null', serverSelector='null', clusterListeners='[]', serverSelectionTimeout='30000 ms', localThreshold='30000 ms'}, socketSettings=SocketSettings{connectTimeoutMS=10000, readTimeoutMS=0, receiveBufferSize=0, sendBufferSize=0}, heartbeatSocketSettings=SocketSettings{connectTimeoutMS=10000, readTimeoutMS=10000, receiveBufferSize=0, sendBufferSize=0}, connectionPoolSettings=ConnectionPoolSettings{maxSize=100, minSize=0, maxWaitTimeMS=120000, maxConnectionLifeTimeMS=0, maxConnectionIdleTimeMS=0, maintenanceInitialDelayMS=0, maintenanceFrequencyMS=60000, connectionPoolListeners=[], maxConnecting=2}, serverSettings=ServerSettings{heartbeatFrequencyMS=10000, minHeartbeatFrequencyMS=500, serverListeners='[]', serverMonitorListeners='[]'}, sslSettings=SslSettings{enabled=false, invalidHostNameAllowed=false, context=null}, applicationName='null', compressorList=[], uuidRepresentation=JAVA_LEGACY, serverApi=null, autoEncryptionSettings=null, contextProvider=null}
2023-07-13 11:19:46,268 [INFO] org.mongodb.driver.cluster [cluster-ClusterId{value='64af907a8535e65be133d527', description='null'}-localhost:27017] Monitor thread successfully connected to server with description ServerDescription{address=localhost:27017, type=STANDALONE, state=CONNECTED, ok=true, minWireVersion=0, maxWireVersion=17, maxDocumentSize=16777216, logicalSessionTimeoutMinutes=30, roundTripTimeNanos=30915300}
2023-07-13 11:19:46,505 [WARN] org.springframework.boot.devtools.autoconfigure.OptionalLiveReloadServer [restartedMain] Unable to start LiveReload server
2023-07-13 11:19:48,726 [INFO] org.springframework.cloud.netflix.eureka.config.DiscoveryClientOptionalArgsConfiguration [restartedMain] Eureka HTTP Client uses RestTemplate.
2023-07-13 11:19:48,901 [WARN] org.springframework.cloud.loadbalancer.config.LoadBalancerCacheAutoConfiguration$LoadBalancerCaffeineWarnLogger [restartedMain] Spring Cloud LoadBalancer is currently working with the default cache. While this cache implementation is useful for development and tests, it's recommended to use Caffeine cache in production.You can switch to using Caffeine cache, by adding it and org.springframework.cache.caffeine.CaffeineCacheManager to the classpath.
2023-07-13 11:19:48,972 [INFO] org.springframework.cloud.netflix.eureka.InstanceInfoFactory [restartedMain] Setting initial instance status as: STARTING
2023-07-13 11:19:49,020 [INFO] com.netflix.discovery.DiscoveryClient [restartedMain] Initializing Eureka in region us-east-1
2023-07-13 11:19:49,028 [INFO] com.netflix.discovery.shared.resolver.aws.ConfigClusterResolver [restartedMain] Resolving eureka endpoints via configuration
2023-07-13 11:19:49,058 [INFO] com.netflix.discovery.DiscoveryClient [restartedMain] Disable delta property : false
2023-07-13 11:19:49,059 [INFO] com.netflix.discovery.DiscoveryClient [restartedMain] Single vip registry refresh property : null
2023-07-13 11:19:49,059 [INFO] com.netflix.discovery.DiscoveryClient [restartedMain] Force full registry fetch : false
2023-07-13 11:19:49,059 [INFO] com.netflix.discovery.DiscoveryClient [restartedMain] Application is null : false
2023-07-13 11:19:49,059 [INFO] com.netflix.discovery.DiscoveryClient [restartedMain] Registered Applications size is zero : true
2023-07-13 11:19:49,060 [INFO] com.netflix.discovery.DiscoveryClient [restartedMain] Application version is -1: true
2023-07-13 11:19:49,060 [INFO] com.netflix.discovery.DiscoveryClient [restartedMain] Getting all instance registry info from the eureka server
2023-07-13 11:19:49,467 [INFO] com.netflix.discovery.DiscoveryClient [restartedMain] The response status is 200
2023-07-13 11:19:49,471 [INFO] com.netflix.discovery.DiscoveryClient [restartedMain] Starting heartbeat executor: renew interval is: 30
2023-07-13 11:19:49,475 [INFO] com.netflix.discovery.InstanceInfoReplicator [restartedMain] InstanceInfoReplicator onDemand update allowed rate per min is 4
2023-07-13 11:19:49,482 [INFO] com.netflix.discovery.DiscoveryClient [restartedMain] Discovery Client initialized at timestamp 1689227389481 with initial instances count: 5
2023-07-13 11:19:49,485 [INFO] org.springframework.cloud.netflix.eureka.serviceregistry.EurekaServiceRegistry [restartedMain] Registering application PRODUCT-SERVICE with eureka with status UP
2023-07-13 11:19:49,485 [INFO] com.netflix.discovery.DiscoveryClient [restartedMain] Saw local status change event StatusChangeEvent [timestamp=1689227389485, current=UP, previous=STARTING]
2023-07-13 11:19:49,490 [INFO] com.netflix.discovery.DiscoveryClient [DiscoveryClient-InstanceInfoReplicator-0] DiscoveryClient_PRODUCT-SERVICE/DESKTOP-I5F0H8Q:product-service:8082: registering service...
2023-07-13 11:19:49,541 [INFO] org.springframework.boot.web.embedded.tomcat.TomcatWebServer [restartedMain] Tomcat started on port(s): 8082 (http) with context path ''
2023-07-13 11:19:49,542 [INFO] org.springframework.cloud.netflix.eureka.serviceregistry.EurekaAutoServiceRegistration [restartedMain] Updating port to 8082
2023-07-13 11:19:49,568 [INFO] com.netflix.discovery.DiscoveryClient [DiscoveryClient-InstanceInfoReplicator-0] DiscoveryClient_PRODUCT-SERVICE/DESKTOP-I5F0H8Q:product-service:8082 - registration status: 204
2023-07-13 11:19:49,826 [INFO] com.eshoppingzone.SpringProfileProductApplication [restartedMain] Started SpringProfileProductApplication in 7.455 seconds (process running for 8.742)
2023-07-13 11:21:18,951 [INFO] org.apache.catalina.core.ContainerBase.[Tomcat].[localhost].[/] [http-nio-8082-exec-1] Initializing Spring DispatcherServlet 'dispatcherServlet'
2023-07-13 11:21:18,952 [INFO] org.springframework.web.servlet.DispatcherServlet [http-nio-8082-exec-1] Initializing Servlet 'dispatcherServlet'
2023-07-13 11:21:18,955 [INFO] org.springframework.web.servlet.DispatcherServlet [http-nio-8082-exec-1] Completed initialization in 3 ms
2023-07-13 11:24:47,167 [ERROR] com.eshoppingzone.service.ProductServiceImpl [http-nio-8082-exec-4] product not found  in find by produt name
2023-07-13 11:24:47,169 [ERROR] com.eshoppingzone.config.ValidationHandler [http-nio-8082-exec-4] Product not found 
2023-07-13 11:24:47,171 [WARN] org.springframework.web.servlet.mvc.method.annotation.ExceptionHandlerExceptionResolver [http-nio-8082-exec-4] Resolved [com.eshoppingzone.exception.ProductNotFoundException]
2023-07-13 11:24:47,389 [ERROR] com.eshoppingzone.service.ProductServiceImpl [http-nio-8082-exec-5] product not found  in find by produt name
2023-07-13 11:24:47,389 [ERROR] com.eshoppingzone.config.ValidationHandler [http-nio-8082-exec-5] Product not found 
2023-07-13 11:24:47,390 [WARN] org.springframework.web.servlet.mvc.method.annotation.ExceptionHandlerExceptionResolver [http-nio-8082-exec-5] Resolved [com.eshoppingzone.exception.ProductNotFoundException]
2023-07-13 11:24:47,620 [ERROR] com.eshoppingzone.service.ProductServiceImpl [http-nio-8082-exec-6] product not found  in find by produt name
2023-07-13 11:24:47,620 [ERROR] com.eshoppingzone.config.ValidationHandler [http-nio-8082-exec-6] Product not found 
2023-07-13 11:24:47,621 [WARN] org.springframework.web.servlet.mvc.method.annotation.ExceptionHandlerExceptionResolver [http-nio-8082-exec-6] Resolved [com.eshoppingzone.exception.ProductNotFoundException]
2023-07-13 11:24:48,333 [ERROR] com.eshoppingzone.service.ProductServiceImpl [http-nio-8082-exec-7] product not found  in find by produt name
2023-07-13 11:24:48,334 [ERROR] com.eshoppingzone.config.ValidationHandler [http-nio-8082-exec-7] Product not found 
2023-07-13 11:24:48,336 [WARN] org.springframework.web.servlet.mvc.method.annotation.ExceptionHandlerExceptionResolver [http-nio-8082-exec-7] Resolved [com.eshoppingzone.exception.ProductNotFoundException]
2023-07-13 11:24:48,539 [ERROR] com.eshoppingzone.service.ProductServiceImpl [http-nio-8082-exec-8] product not found  in find by produt name
2023-07-13 11:24:48,540 [ERROR] com.eshoppingzone.config.ValidationHandler [http-nio-8082-exec-8] Product not found 
2023-07-13 11:24:48,542 [WARN] org.springframework.web.servlet.mvc.method.annotation.ExceptionHandlerExceptionResolver [http-nio-8082-exec-8] Resolved [com.eshoppingzone.exception.ProductNotFoundException]
2023-07-13 11:24:48,831 [ERROR] com.eshoppingzone.service.ProductServiceImpl [http-nio-8082-exec-10] product not found  in find by produt name
2023-07-13 11:24:48,832 [ERROR] com.eshoppingzone.config.ValidationHandler [http-nio-8082-exec-10] Product not found 
2023-07-13 11:24:48,833 [WARN] org.springframework.web.servlet.mvc.method.annotation.ExceptionHandlerExceptionResolver [http-nio-8082-exec-10] Resolved [com.eshoppingzone.exception.ProductNotFoundException]
2023-07-13 11:24:49,066 [INFO] com.netflix.discovery.shared.resolver.aws.ConfigClusterResolver [AsyncResolver-bootstrap-executor-0] Resolving eureka endpoints via configuration
2023-07-13 11:24:49,324 [ERROR] com.eshoppingzone.service.ProductServiceImpl [http-nio-8082-exec-1] product not found  in find by produt name
2023-07-13 11:24:49,325 [ERROR] com.eshoppingzone.config.ValidationHandler [http-nio-8082-exec-1] Product not found 
2023-07-13 11:24:49,326 [WARN] org.springframework.web.servlet.mvc.method.annotation.ExceptionHandlerExceptionResolver [http-nio-8082-exec-1] Resolved [com.eshoppingzone.exception.ProductNotFoundException]
2023-07-13 11:24:50,200 [ERROR] com.eshoppingzone.service.ProductServiceImpl [http-nio-8082-exec-3] product not found  in find by produt name
2023-07-13 11:24:50,201 [ERROR] com.eshoppingzone.config.ValidationHandler [http-nio-8082-exec-3] Product not found 
2023-07-13 11:24:50,202 [WARN] org.springframework.web.servlet.mvc.method.annotation.ExceptionHandlerExceptionResolver [http-nio-8082-exec-3] Resolved [com.eshoppingzone.exception.ProductNotFoundException]
2023-07-13 11:24:51,482 [ERROR] com.eshoppingzone.service.ProductServiceImpl [http-nio-8082-exec-4] product not found  in find by produt name
2023-07-13 11:24:51,484 [ERROR] com.eshoppingzone.config.ValidationHandler [http-nio-8082-exec-4] Product not found 
2023-07-13 11:24:51,489 [WARN] org.springframework.web.servlet.mvc.method.annotation.ExceptionHandlerExceptionResolver [http-nio-8082-exec-4] Resolved [com.eshoppingzone.exception.ProductNotFoundException]
2023-07-13 11:24:51,674 [ERROR] com.eshoppingzone.service.ProductServiceImpl [http-nio-8082-exec-5] product not found  in find by produt name
2023-07-13 11:24:51,674 [ERROR] com.eshoppingzone.config.ValidationHandler [http-nio-8082-exec-5] Product not found 
2023-07-13 11:24:51,676 [WARN] org.springframework.web.servlet.mvc.method.annotation.ExceptionHandlerExceptionResolver [http-nio-8082-exec-5] Resolved [com.eshoppingzone.exception.ProductNotFoundException]
2023-07-13 11:24:51,861 [ERROR] com.eshoppingzone.service.ProductServiceImpl [http-nio-8082-exec-6] product not found  in find by produt name
2023-07-13 11:24:51,862 [ERROR] com.eshoppingzone.config.ValidationHandler [http-nio-8082-exec-6] Product not found 
2023-07-13 11:24:51,865 [WARN] org.springframework.web.servlet.mvc.method.annotation.ExceptionHandlerExceptionResolver [http-nio-8082-exec-6] Resolved [com.eshoppingzone.exception.ProductNotFoundException]
2023-07-13 11:24:52,051 [ERROR] com.eshoppingzone.service.ProductServiceImpl [http-nio-8082-exec-7] product not found  in find by produt name
2023-07-13 11:24:52,053 [ERROR] com.eshoppingzone.config.ValidationHandler [http-nio-8082-exec-7] Product not found 
2023-07-13 11:24:52,059 [WARN] org.springframework.web.servlet.mvc.method.annotation.ExceptionHandlerExceptionResolver [http-nio-8082-exec-7] Resolved [com.eshoppingzone.exception.ProductNotFoundException]
2023-07-13 11:24:52,184 [ERROR] com.eshoppingzone.service.ProductServiceImpl [http-nio-8082-exec-8] product not found  in find by produt name
2023-07-13 11:24:52,184 [ERROR] com.eshoppingzone.config.ValidationHandler [http-nio-8082-exec-8] Product not found 
2023-07-13 11:24:52,185 [WARN] org.springframework.web.servlet.mvc.method.annotation.ExceptionHandlerExceptionResolver [http-nio-8082-exec-8] Resolved [com.eshoppingzone.exception.ProductNotFoundException]
2023-07-13 11:25:51,651 [ERROR] com.eshoppingzone.config.ValidationHandler [http-nio-8082-exec-3] Category not found 
2023-07-13 11:25:51,653 [WARN] org.springframework.web.servlet.mvc.method.annotation.ExceptionHandlerExceptionResolver [http-nio-8082-exec-3] Resolved [com.eshoppingzone.exception.CategoryNotFoundException]
2023-07-13 11:25:54,346 [ERROR] com.eshoppingzone.config.ValidationHandler [http-nio-8082-exec-4] Category not found 
2023-07-13 11:25:54,347 [WARN] org.springframework.web.servlet.mvc.method.annotation.ExceptionHandlerExceptionResolver [http-nio-8082-exec-4] Resolved [com.eshoppingzone.exception.CategoryNotFoundException]
2023-07-13 11:25:56,755 [ERROR] com.eshoppingzone.config.ValidationHandler [http-nio-8082-exec-5] Category not found 
2023-07-13 11:25:56,756 [WARN] org.springframework.web.servlet.mvc.method.annotation.ExceptionHandlerExceptionResolver [http-nio-8082-exec-5] Resolved [com.eshoppingzone.exception.CategoryNotFoundException]
2023-07-13 11:29:49,077 [INFO] com.netflix.discovery.shared.resolver.aws.ConfigClusterResolver [AsyncResolver-bootstrap-executor-0] Resolving eureka endpoints via configuration
2023-07-13 11:34:19,095 [ERROR] com.eshoppingzone.config.ValidationHandler [http-nio-8082-exec-9] Category not found 
2023-07-13 11:34:19,097 [WARN] org.springframework.web.servlet.mvc.method.annotation.ExceptionHandlerExceptionResolver [http-nio-8082-exec-9] Resolved [com.eshoppingzone.exception.CategoryNotFoundException]
2023-07-13 11:34:26,244 [ERROR] com.eshoppingzone.config.ValidationHandler [http-nio-8082-exec-3] Category not found 
2023-07-13 11:34:26,245 [WARN] org.springframework.web.servlet.mvc.method.annotation.ExceptionHandlerExceptionResolver [http-nio-8082-exec-3] Resolved [com.eshoppingzone.exception.CategoryNotFoundException]
2023-07-13 11:34:29,972 [ERROR] com.eshoppingzone.config.ValidationHandler [http-nio-8082-exec-4] Category not found 
2023-07-13 11:34:29,973 [WARN] org.springframework.web.servlet.mvc.method.annotation.ExceptionHandlerExceptionResolver [http-nio-8082-exec-4] Resolved [com.eshoppingzone.exception.CategoryNotFoundException]
2023-07-13 11:34:49,086 [INFO] com.netflix.discovery.shared.resolver.aws.ConfigClusterResolver [AsyncResolver-bootstrap-executor-0] Resolving eureka endpoints via configuration
2023-07-13 11:39:49,102 [INFO] com.netflix.discovery.shared.resolver.aws.ConfigClusterResolver [AsyncResolver-bootstrap-executor-0] Resolving eureka endpoints via configuration
2023-07-13 11:44:49,105 [INFO] com.netflix.discovery.shared.resolver.aws.ConfigClusterResolver [AsyncResolver-bootstrap-executor-0] Resolving eureka endpoints via configuration
2023-07-13 11:49:49,119 [INFO] com.netflix.discovery.shared.resolver.aws.ConfigClusterResolver [AsyncResolver-bootstrap-executor-0] Resolving eureka endpoints via configuration
2023-07-13 11:54:49,121 [INFO] com.netflix.discovery.shared.resolver.aws.ConfigClusterResolver [AsyncResolver-bootstrap-executor-0] Resolving eureka endpoints via configuration
2023-07-13 11:59:49,128 [INFO] com.netflix.discovery.shared.resolver.aws.ConfigClusterResolver [AsyncResolver-bootstrap-executor-0] Resolving eureka endpoints via configuration
2023-07-13 12:02:27,341 [ERROR] com.eshoppingzone.config.ValidationHandler [http-nio-8082-exec-9] Category not found 
2023-07-13 12:02:27,343 [WARN] org.springframework.web.servlet.mvc.method.annotation.ExceptionHandlerExceptionResolver [http-nio-8082-exec-9] Resolved [com.eshoppingzone.exception.CategoryNotFoundException]
2023-07-13 12:02:32,206 [ERROR] com.eshoppingzone.config.ValidationHandler [http-nio-8082-exec-1] Category not found 
2023-07-13 12:02:32,207 [WARN] org.springframework.web.servlet.mvc.method.annotation.ExceptionHandlerExceptionResolver [http-nio-8082-exec-1] Resolved [com.eshoppingzone.exception.CategoryNotFoundException]
2023-07-13 12:02:34,740 [ERROR] com.eshoppingzone.config.ValidationHandler [http-nio-8082-exec-3] Category not found 
2023-07-13 12:02:34,741 [WARN] org.springframework.web.servlet.mvc.method.annotation.ExceptionHandlerExceptionResolver [http-nio-8082-exec-3] Resolved [com.eshoppingzone.exception.CategoryNotFoundException]
2023-07-13 12:04:49,134 [INFO] com.netflix.discovery.shared.resolver.aws.ConfigClusterResolver [AsyncResolver-bootstrap-executor-0] Resolving eureka endpoints via configuration
2023-07-13 12:09:49,140 [INFO] com.netflix.discovery.shared.resolver.aws.ConfigClusterResolver [AsyncResolver-bootstrap-executor-0] Resolving eureka endpoints via configuration
2023-07-13 12:22:40,250 [INFO] com.netflix.discovery.shared.resolver.aws.ConfigClusterResolver [AsyncResolver-bootstrap-executor-0] Resolving eureka endpoints via configuration
2023-07-13 12:27:40,266 [INFO] com.netflix.discovery.shared.resolver.aws.ConfigClusterResolver [AsyncResolver-bootstrap-executor-0] Resolving eureka endpoints via configuration
2023-07-13 12:32:40,279 [INFO] com.netflix.discovery.shared.resolver.aws.ConfigClusterResolver [AsyncResolver-bootstrap-executor-0] Resolving eureka endpoints via configuration
2023-07-13 12:43:37,234 [INFO] com.netflix.discovery.shared.resolver.aws.ConfigClusterResolver [AsyncResolver-bootstrap-executor-0] Resolving eureka endpoints via configuration
2023-07-13 12:48:37,238 [INFO] com.netflix.discovery.shared.resolver.aws.ConfigClusterResolver [AsyncResolver-bootstrap-executor-0] Resolving eureka endpoints via configuration
2023-07-13 12:53:37,245 [INFO] com.netflix.discovery.shared.resolver.aws.ConfigClusterResolver [AsyncResolver-bootstrap-executor-0] Resolving eureka endpoints via configuration
2023-07-13 12:58:37,258 [INFO] com.netflix.discovery.shared.resolver.aws.ConfigClusterResolver [AsyncResolver-bootstrap-executor-0] Resolving eureka endpoints via configuration
2023-07-13 13:03:37,278 [INFO] com.netflix.discovery.shared.resolver.aws.ConfigClusterResolver [AsyncResolver-bootstrap-executor-0] Resolving eureka endpoints via configuration
2023-07-13 13:08:37,291 [INFO] com.netflix.discovery.shared.resolver.aws.ConfigClusterResolver [AsyncResolver-bootstrap-executor-0] Resolving eureka endpoints via configuration
2023-07-13 13:13:37,312 [INFO] com.netflix.discovery.shared.resolver.aws.ConfigClusterResolver [AsyncResolver-bootstrap-executor-0] Resolving eureka endpoints via configuration
2023-07-13 13:18:37,328 [INFO] com.netflix.discovery.shared.resolver.aws.ConfigClusterResolver [AsyncResolver-bootstrap-executor-0] Resolving eureka endpoints via configuration
2023-07-13 13:23:37,344 [INFO] com.netflix.discovery.shared.resolver.aws.ConfigClusterResolver [AsyncResolver-bootstrap-executor-0] Resolving eureka endpoints via configuration
2023-07-13 13:28:37,360 [INFO] com.netflix.discovery.shared.resolver.aws.ConfigClusterResolver [AsyncResolver-bootstrap-executor-0] Resolving eureka endpoints via configuration
2023-07-13 13:33:37,364 [INFO] com.netflix.discovery.shared.resolver.aws.ConfigClusterResolver [AsyncResolver-bootstrap-executor-0] Resolving eureka endpoints via configuration
2023-07-13 13:38:37,368 [INFO] com.netflix.discovery.shared.resolver.aws.ConfigClusterResolver [AsyncResolver-bootstrap-executor-0] Resolving eureka endpoints via configuration
2023-07-13 13:43:37,379 [INFO] com.netflix.discovery.shared.resolver.aws.ConfigClusterResolver [AsyncResolver-bootstrap-executor-0] Resolving eureka endpoints via configuration
2023-07-13 13:48:37,391 [INFO] com.netflix.discovery.shared.resolver.aws.ConfigClusterResolver [AsyncResolver-bootstrap-executor-0] Resolving eureka endpoints via configuration
2023-07-13 13:53:37,397 [INFO] com.netflix.discovery.shared.resolver.aws.ConfigClusterResolver [AsyncResolver-bootstrap-executor-0] Resolving eureka endpoints via configuration
2023-07-13 13:58:37,401 [INFO] com.netflix.discovery.shared.resolver.aws.ConfigClusterResolver [AsyncResolver-bootstrap-executor-0] Resolving eureka endpoints via configuration
2023-07-13 14:03:37,417 [INFO] com.netflix.discovery.shared.resolver.aws.ConfigClusterResolver [AsyncResolver-bootstrap-executor-0] Resolving eureka endpoints via configuration
2023-07-13 14:08:37,436 [INFO] com.netflix.discovery.shared.resolver.aws.ConfigClusterResolver [AsyncResolver-bootstrap-executor-0] Resolving eureka endpoints via configuration
2023-07-13 14:13:37,451 [INFO] com.netflix.discovery.shared.resolver.aws.ConfigClusterResolver [AsyncResolver-bootstrap-executor-0] Resolving eureka endpoints via configuration
2023-07-13 14:18:37,455 [INFO] com.netflix.discovery.shared.resolver.aws.ConfigClusterResolver [AsyncResolver-bootstrap-executor-0] Resolving eureka endpoints via configuration
2023-07-13 14:36:57,553 [INFO] com.netflix.discovery.shared.resolver.aws.ConfigClusterResolver [AsyncResolver-bootstrap-executor-0] Resolving eureka endpoints via configuration
2023-07-13 14:41:57,559 [INFO] com.netflix.discovery.shared.resolver.aws.ConfigClusterResolver [AsyncResolver-bootstrap-executor-0] Resolving eureka endpoints via configuration
2023-07-13 14:46:57,575 [INFO] com.netflix.discovery.shared.resolver.aws.ConfigClusterResolver [AsyncResolver-bootstrap-executor-0] Resolving eureka endpoints via configuration
2023-07-13 14:51:57,589 [INFO] com.netflix.discovery.shared.resolver.aws.ConfigClusterResolver [AsyncResolver-bootstrap-executor-0] Resolving eureka endpoints via configuration
2023-07-13 14:56:57,594 [INFO] com.netflix.discovery.shared.resolver.aws.ConfigClusterResolver [AsyncResolver-bootstrap-executor-0] Resolving eureka endpoints via configuration
2023-07-13 15:01:57,602 [INFO] com.netflix.discovery.shared.resolver.aws.ConfigClusterResolver [AsyncResolver-bootstrap-executor-0] Resolving eureka endpoints via configuration
2023-07-13 15:06:57,609 [INFO] com.netflix.discovery.shared.resolver.aws.ConfigClusterResolver [AsyncResolver-bootstrap-executor-0] Resolving eureka endpoints via configuration
2023-07-13 15:11:57,622 [INFO] com.netflix.discovery.shared.resolver.aws.ConfigClusterResolver [AsyncResolver-bootstrap-executor-0] Resolving eureka endpoints via configuration
2023-07-13 15:16:57,629 [INFO] com.netflix.discovery.shared.resolver.aws.ConfigClusterResolver [AsyncResolver-bootstrap-executor-0] Resolving eureka endpoints via configuration
2023-07-13 15:21:57,633 [INFO] com.netflix.discovery.shared.resolver.aws.ConfigClusterResolver [AsyncResolver-bootstrap-executor-0] Resolving eureka endpoints via configuration
2023-07-13 15:26:57,648 [INFO] com.netflix.discovery.shared.resolver.aws.ConfigClusterResolver [AsyncResolver-bootstrap-executor-0] Resolving eureka endpoints via configuration
2023-07-13 15:31:57,657 [INFO] com.netflix.discovery.shared.resolver.aws.ConfigClusterResolver [AsyncResolver-bootstrap-executor-0] Resolving eureka endpoints via configuration
2023-07-13 15:36:57,664 [INFO] com.netflix.discovery.shared.resolver.aws.ConfigClusterResolver [AsyncResolver-bootstrap-executor-0] Resolving eureka endpoints via configuration
2023-07-13 15:41:57,673 [INFO] com.netflix.discovery.shared.resolver.aws.ConfigClusterResolver [AsyncResolver-bootstrap-executor-0] Resolving eureka endpoints via configuration
2023-07-13 15:46:57,681 [INFO] com.netflix.discovery.shared.resolver.aws.ConfigClusterResolver [AsyncResolver-bootstrap-executor-0] Resolving eureka endpoints via configuration
2023-07-13 15:51:57,699 [INFO] com.netflix.discovery.shared.resolver.aws.ConfigClusterResolver [AsyncResolver-bootstrap-executor-0] Resolving eureka endpoints via configuration
2023-07-13 15:56:57,717 [INFO] com.netflix.discovery.shared.resolver.aws.ConfigClusterResolver [AsyncResolver-bootstrap-executor-0] Resolving eureka endpoints via configuration
2023-07-13 16:01:57,725 [INFO] com.netflix.discovery.shared.resolver.aws.ConfigClusterResolver [AsyncResolver-bootstrap-executor-0] Resolving eureka endpoints via configuration
2023-07-13 16:06:57,739 [INFO] com.netflix.discovery.shared.resolver.aws.ConfigClusterResolver [AsyncResolver-bootstrap-executor-0] Resolving eureka endpoints via configuration
2023-07-13 16:11:57,758 [INFO] com.netflix.discovery.shared.resolver.aws.ConfigClusterResolver [AsyncResolver-bootstrap-executor-0] Resolving eureka endpoints via configuration
2023-07-13 16:16:57,771 [INFO] com.netflix.discovery.shared.resolver.aws.ConfigClusterResolver [AsyncResolver-bootstrap-executor-0] Resolving eureka endpoints via configuration
2023-07-13 16:21:57,779 [INFO] com.netflix.discovery.shared.resolver.aws.ConfigClusterResolver [AsyncResolver-bootstrap-executor-0] Resolving eureka endpoints via configuration
2023-07-13 17:10:12,590 [INFO] com.eshoppingzone.SpringProfileProductApplication [restartedMain] Starting SpringProfileProductApplication using Java 17.0.7 with PID 6276 (C:\Users\DELL\Downloads\Shopping-Cart-main\Shopping-Cart-main\backend\spring-profile-product\target\classes started by DELL in C:\Users\DELL\Downloads\Shopping-Cart-main\Shopping-Cart-main\backend\spring-profile-product)
2023-07-13 17:10:12,595 [DEBUG] com.eshoppingzone.SpringProfileProductApplication [restartedMain] Running with Spring Boot v3.1.0, Spring v6.0.9
2023-07-13 17:10:12,599 [INFO] com.eshoppingzone.SpringProfileProductApplication [restartedMain] No active profile set, falling back to 1 default profile: "default"
2023-07-13 17:10:12,692 [INFO] org.springframework.boot.devtools.env.DevToolsPropertyDefaultsPostProcessor [restartedMain] Devtools property defaults active! Set 'spring.devtools.add-properties' to 'false' to disable
2023-07-13 17:10:12,693 [INFO] org.springframework.boot.devtools.env.DevToolsPropertyDefaultsPostProcessor [restartedMain] For additional web related logging consider setting the 'logging.level.web' property to 'DEBUG'
2023-07-13 17:10:14,061 [INFO] org.springframework.data.repository.config.RepositoryConfigurationDelegate [restartedMain] Bootstrapping Spring Data MongoDB repositories in DEFAULT mode.
2023-07-13 17:10:14,279 [INFO] org.springframework.data.repository.config.RepositoryConfigurationDelegate [restartedMain] Finished Spring Data repository scanning in 211 ms. Found 1 MongoDB repository interfaces.
2023-07-13 17:10:14,611 [INFO] org.springframework.cloud.context.scope.GenericScope [restartedMain] BeanFactory id=fada160c-6d27-3129-b232-8a7f8319b8e8
2023-07-13 17:10:15,590 [INFO] org.springframework.boot.web.embedded.tomcat.TomcatWebServer [restartedMain] Tomcat initialized with port(s): 8082 (http)
2023-07-13 17:10:15,609 [INFO] org.apache.catalina.core.StandardService [restartedMain] Starting service [Tomcat]
2023-07-13 17:10:15,609 [INFO] org.apache.catalina.core.StandardEngine [restartedMain] Starting Servlet engine: [Apache Tomcat/10.1.8]
2023-07-13 17:10:15,766 [INFO] org.apache.catalina.core.ContainerBase.[Tomcat].[localhost].[/] [restartedMain] Initializing Spring embedded WebApplicationContext
2023-07-13 17:10:15,766 [INFO] org.springframework.boot.web.servlet.context.ServletWebServerApplicationContext [restartedMain] Root WebApplicationContext: initialization completed in 3072 ms
2023-07-13 17:10:16,097 [INFO] org.mongodb.driver.client [restartedMain] MongoClient with metadata {"driver": {"name": "mongo-java-driver|sync|spring-boot", "version": "4.9.1"}, "os": {"type": "Windows", "name": "Windows 11", "architecture": "amd64", "version": "10.0"}, "platform": "Java/Eclipse Adoptium/17.0.7+7"} created with settings MongoClientSettings{readPreference=primary, writeConcern=WriteConcern{w=null, wTimeout=null ms, journal=null}, retryWrites=true, retryReads=true, readConcern=ReadConcern{level=null}, credential=null, streamFactoryFactory=null, commandListeners=[], codecRegistry=ProvidersCodecRegistry{codecProviders=[ValueCodecProvider{}, BsonValueCodecProvider{}, DBRefCodecProvider{}, DBObjectCodecProvider{}, DocumentCodecProvider{}, CollectionCodecProvider{}, IterableCodecProvider{}, MapCodecProvider{}, GeoJsonCodecProvider{}, GridFSFileCodecProvider{}, Jsr310CodecProvider{}, JsonObjectCodecProvider{}, BsonCodecProvider{}, EnumCodecProvider{}, com.mongodb.client.model.mql.ExpressionCodecProvider@3aecdf70, com.mongodb.Jep395RecordCodecProvider@4f807019]}, loggerSettings=LoggerSettings{maxDocumentLength=1000}, clusterSettings={hosts=[localhost:27017], srvServiceName=mongodb, mode=SINGLE, requiredClusterType=UNKNOWN, requiredReplicaSetName='null', serverSelector='null', clusterListeners='[]', serverSelectionTimeout='30000 ms', localThreshold='30000 ms'}, socketSettings=SocketSettings{connectTimeoutMS=10000, readTimeoutMS=0, receiveBufferSize=0, sendBufferSize=0}, heartbeatSocketSettings=SocketSettings{connectTimeoutMS=10000, readTimeoutMS=10000, receiveBufferSize=0, sendBufferSize=0}, connectionPoolSettings=ConnectionPoolSettings{maxSize=100, minSize=0, maxWaitTimeMS=120000, maxConnectionLifeTimeMS=0, maxConnectionIdleTimeMS=0, maintenanceInitialDelayMS=0, maintenanceFrequencyMS=60000, connectionPoolListeners=[], maxConnecting=2}, serverSettings=ServerSettings{heartbeatFrequencyMS=10000, minHeartbeatFrequencyMS=500, serverListeners='[]', serverMonitorListeners='[]'}, sslSettings=SslSettings{enabled=false, invalidHostNameAllowed=false, context=null}, applicationName='null', compressorList=[], uuidRepresentation=JAVA_LEGACY, serverApi=null, autoEncryptionSettings=null, contextProvider=null}
2023-07-13 17:10:16,115 [INFO] org.mongodb.driver.cluster [cluster-ClusterId{value='64afe29f30e23d18dc1daead', description='null'}-localhost:27017] Monitor thread successfully connected to server with description ServerDescription{address=localhost:27017, type=STANDALONE, state=CONNECTED, ok=true, minWireVersion=0, maxWireVersion=17, maxDocumentSize=16777216, logicalSessionTimeoutMinutes=30, roundTripTimeNanos=38603100}
2023-07-13 17:10:16,369 [WARN] org.springframework.boot.devtools.autoconfigure.OptionalLiveReloadServer [restartedMain] Unable to start LiveReload server
2023-07-13 17:10:18,750 [INFO] org.springframework.cloud.netflix.eureka.config.DiscoveryClientOptionalArgsConfiguration [restartedMain] Eureka HTTP Client uses RestTemplate.
2023-07-13 17:10:19,170 [WARN] org.springframework.cloud.loadbalancer.config.LoadBalancerCacheAutoConfiguration$LoadBalancerCaffeineWarnLogger [restartedMain] Spring Cloud LoadBalancer is currently working with the default cache. While this cache implementation is useful for development and tests, it's recommended to use Caffeine cache in production.You can switch to using Caffeine cache, by adding it and org.springframework.cache.caffeine.CaffeineCacheManager to the classpath.
2023-07-13 17:10:19,325 [INFO] org.springframework.cloud.netflix.eureka.InstanceInfoFactory [restartedMain] Setting initial instance status as: STARTING
2023-07-13 17:10:19,437 [INFO] com.netflix.discovery.DiscoveryClient [restartedMain] Initializing Eureka in region us-east-1
2023-07-13 17:10:19,451 [INFO] com.netflix.discovery.shared.resolver.aws.ConfigClusterResolver [restartedMain] Resolving eureka endpoints via configuration
2023-07-13 17:10:19,532 [INFO] com.netflix.discovery.DiscoveryClient [restartedMain] Disable delta property : false
2023-07-13 17:10:19,532 [INFO] com.netflix.discovery.DiscoveryClient [restartedMain] Single vip registry refresh property : null
2023-07-13 17:10:19,532 [INFO] com.netflix.discovery.DiscoveryClient [restartedMain] Force full registry fetch : false
2023-07-13 17:10:19,532 [INFO] com.netflix.discovery.DiscoveryClient [restartedMain] Application is null : false
2023-07-13 17:10:19,532 [INFO] com.netflix.discovery.DiscoveryClient [restartedMain] Registered Applications size is zero : true
2023-07-13 17:10:19,532 [INFO] com.netflix.discovery.DiscoveryClient [restartedMain] Application version is -1: true
2023-07-13 17:10:19,532 [INFO] com.netflix.discovery.DiscoveryClient [restartedMain] Getting all instance registry info from the eureka server
2023-07-13 17:10:20,336 [INFO] com.netflix.discovery.DiscoveryClient [restartedMain] The response status is 200
2023-07-13 17:10:20,341 [INFO] com.netflix.discovery.DiscoveryClient [restartedMain] Starting heartbeat executor: renew interval is: 30
2023-07-13 17:10:20,346 [INFO] com.netflix.discovery.InstanceInfoReplicator [restartedMain] InstanceInfoReplicator onDemand update allowed rate per min is 4
2023-07-13 17:10:20,355 [INFO] com.netflix.discovery.DiscoveryClient [restartedMain] Discovery Client initialized at timestamp 1689248420355 with initial instances count: 5
2023-07-13 17:10:20,359 [INFO] org.springframework.cloud.netflix.eureka.serviceregistry.EurekaServiceRegistry [restartedMain] Registering application PRODUCT-SERVICE with eureka with status UP
2023-07-13 17:10:20,361 [INFO] com.netflix.discovery.DiscoveryClient [restartedMain] Saw local status change event StatusChangeEvent [timestamp=1689248420361, current=UP, previous=STARTING]
2023-07-13 17:10:20,364 [INFO] com.netflix.discovery.DiscoveryClient [DiscoveryClient-InstanceInfoReplicator-0] DiscoveryClient_PRODUCT-SERVICE/DESKTOP-I5F0H8Q:product-service:8082: registering service...
2023-07-13 17:10:20,406 [INFO] org.springframework.boot.web.embedded.tomcat.TomcatWebServer [restartedMain] Tomcat started on port(s): 8082 (http) with context path ''
2023-07-13 17:10:20,408 [INFO] org.springframework.cloud.netflix.eureka.serviceregistry.EurekaAutoServiceRegistration [restartedMain] Updating port to 8082
2023-07-13 17:10:20,444 [INFO] com.netflix.discovery.DiscoveryClient [DiscoveryClient-InstanceInfoReplicator-0] DiscoveryClient_PRODUCT-SERVICE/DESKTOP-I5F0H8Q:product-service:8082 - registration status: 204
2023-07-13 17:10:20,697 [INFO] com.eshoppingzone.SpringProfileProductApplication [restartedMain] Started SpringProfileProductApplication in 8.898 seconds (process running for 10.121)
2023-07-13 17:12:06,097 [INFO] org.apache.catalina.core.ContainerBase.[Tomcat].[localhost].[/] [http-nio-8082-exec-1] Initializing Spring DispatcherServlet 'dispatcherServlet'
2023-07-13 17:12:06,098 [INFO] org.springframework.web.servlet.DispatcherServlet [http-nio-8082-exec-1] Initializing Servlet 'dispatcherServlet'
2023-07-13 17:12:06,102 [INFO] org.springframework.web.servlet.DispatcherServlet [http-nio-8082-exec-1] Completed initialization in 4 ms
2023-07-13 17:15:19,538 [INFO] com.netflix.discovery.shared.resolver.aws.ConfigClusterResolver [AsyncResolver-bootstrap-executor-0] Resolving eureka endpoints via configuration
2023-07-13 17:20:19,561 [INFO] com.netflix.discovery.shared.resolver.aws.ConfigClusterResolver [AsyncResolver-bootstrap-executor-0] Resolving eureka endpoints via configuration
2023-07-13 17:25:19,572 [INFO] com.netflix.discovery.shared.resolver.aws.ConfigClusterResolver [AsyncResolver-bootstrap-executor-0] Resolving eureka endpoints via configuration
2023-07-13 17:30:19,579 [INFO] com.netflix.discovery.shared.resolver.aws.ConfigClusterResolver [AsyncResolver-bootstrap-executor-0] Resolving eureka endpoints via configuration
2023-07-13 17:35:19,602 [INFO] com.netflix.discovery.shared.resolver.aws.ConfigClusterResolver [AsyncResolver-bootstrap-executor-0] Resolving eureka endpoints via configuration
